[16:42:26] [main/INFO] (FabricLoader/GameProvider) Loading Minecraft 1.16.1 with Fabric Loader 0.14.21
[16:42:26] [main/INFO] (FabricLoader) Loading 43 mods:
	- fabric 0.16.2+build.385-1.16.1
	- fabric-api-base 0.1.3+12a8474c02
	- fabric-biomes-v1 0.2.7+059ea86602
	- fabric-blockrenderlayer-v1 1.1.4+c6a8ea8902
	- fabric-command-api-v1 1.0.8+5ce5339802
	- fabric-commands-v0 0.2.0+52d3083602
	- fabric-containers-v0 0.1.8+045df74f02
	- fabric-content-registries-v0 0.1.9+059ea86602
	- fabric-crash-report-info-v1 0.1.2+b7f9825d02
	- fabric-dimensions-v1 1.0.0+a71b305302
	- fabric-events-interaction-v0 0.3.3+7066030f02
	- fabric-events-lifecycle-v0 0.2.0+16acbe5b02
	- fabric-game-rule-api-v1 1.0.0+fe81e12502
	- fabric-item-api-v1 1.0.0+16acbe5b02
	- fabric-item-groups-v0 0.2.0+438f963602
	- fabric-key-binding-api-v1 1.0.1+f404f3be02
	- fabric-keybindings-v0 0.2.0+3fa9f7c502
	- fabric-lifecycle-events-v1 1.2.0+e83e061c02
	- fabric-loot-tables-v1 1.0.0+386eb69e02
	- fabric-mining-levels-v0 0.1.2+b764ce9902
	- fabric-models-v0 0.1.0+dfdb52d602
	- fabric-networking-blockentity-v0 0.2.5+b50ffc7b02
	- fabric-networking-v0 0.1.10+e00ecb5f02
	- fabric-object-builder-api-v1 1.5.6+a2d21ddd02
	- fabric-object-builders-v0 0.6.1+a2d21ddd02
	- fabric-particles-v1 0.2.1+0a6f2a7002
	- fabric-registry-sync-v0 0.3.8+7dba2d6c02
	- fabric-renderer-api-v1 0.2.13+eae12eb802
	- fabric-renderer-indigo 0.3.4+34d6c87102
	- fabric-renderer-registries-v1 2.0.1+5a0f9a6002
	- fabric-rendering-data-attachment-v1 0.1.3+b7f9825d02
	- fabric-rendering-fluids-v1 0.1.8+b7084faa02
	- fabric-rendering-v0 1.1.0+5341049002
	- fabric-rendering-v1 1.1.2+346247d702
	- fabric-resource-loader-v0 0.2.6+f41e209802
	- fabric-screen-handler-api-v1 1.1.0+97324d1102
	- fabric-tag-extensions-v0 0.2.7+a4c57d8e02
	- fabric-textures-v0 1.0.4+eae12eb802
	- fabric-tool-attribute-api-v1 1.2.0+55e0cc5f02
	- fabricloader 0.14.21
	- java 21
	- minecraft 1.16.1
	- no-endermen-teleport 1.0.0
[16:42:26] [main/INFO] (FabricLoader/Mixin) SpongePowered MIXIN Subsystem Version=0.8.5 Source=file:/C:/Users/manfa/.gradle/caches/modules-2/files-2.1/net.fabricmc/sponge-mixin/0.12.5+mixin.0.8.5/8d31fb97c3e0cd7c8dad3441851c523bcfae6d8e/sponge-mixin-0.12.5+mixin.0.8.5.jar Service=Knot/Fabric Env=CLIENT
[16:42:26] [main/INFO] (FabricLoader/Mixin) Loaded Fabric development mappings for mixin remapper!
[16:42:31] [main/INFO] (Minecraft) Environment: authHost='https://authserver.mojang.com', accountsHost='https://api.mojang.com', sessionHost='https://sessionserver.mojang.com', name='PROD'
[16:42:31] [main/INFO] (Minecraft) Setting user: Player944
[16:42:31] [main/INFO] (NoEndermenTeleport) No Endermen Teleport mod initialized
[16:42:31] [main/INFO] (Indigo) [Indigo] Registering Indigo renderer!
[16:42:31] [main/INFO] (Minecraft) [STDERR]: [LWJGL] [ThreadLocalUtil] Unsupported JNI version detected, this may result in a crash. Please inform LWJGL developers.
[16:42:31] [main/INFO] (Minecraft) Backend library: LWJGL version 3.3.2-snapshot
[16:42:32] [main/INFO] (Minecraft) Narrator library for x64 successfully loaded
[16:42:32] [main/INFO] (Minecraft) Reloading ResourceManager: Default, Fabric API Base, Fabric Registry Sync (v0), Fabric Resource Loader (v0), Fabric Events Lifecycle (v0), Fabric Content Registries (v0), Fabric Item API (v1), Fabric Mining Levels (v0), Fabric Textures (v0), Fabric Loader, Fabric Containers (v0), Fabric Key Bindings (v0), Fabric Renderer - Indigo, Fabric Tool Attribute API (v1), Fabric Game Rule API (v1), Fabric Biomes (v1), Fabric Models (v0), Fabric BlockRenderLayer Registration (v1), Fabric Renderer Registries (v1), Fabric Networking (v0), Fabric Rendering Fluids (v1), Fabric Loot Tables (v1), Fabric Object Builders (v0), Fabric Rendering Data Attachment (v1), Fabric Renderer API (v1), Fabric Key Binding API (v1), Fabric Events Interaction (v0), Fabric Screen Handler API (v1), Fabric Crash Report Info (v1), Fabric Tag Extensions (v0), Fabric Object Builder API (v1), Fabric Item Groups (v0), Fabric Lifecycle Events (v1), Fabric Rendering (v1), Fabric Networking Block Entity (v0), Fabric Rendering (v0), Fabric API
[16:42:33] [Realms Notification Availability checker #1/INFO] (Minecraft) Could not authorize you against Realms server: Invalid session id
[16:42:34] [main/INFO] (Minecraft) OpenAL initialized.
[16:42:34] [main/INFO] (Minecraft) Sound engine started
[16:42:34] [main/INFO] (Minecraft) Created: 1024x1024x4 minecraft:textures/atlas/blocks.png-atlas
[16:42:34] [main/INFO] (Minecraft) Created: 256x128x4 minecraft:textures/atlas/signs.png-atlas
[16:42:34] [main/INFO] (Minecraft) Created: 1024x512x4 minecraft:textures/atlas/banner_patterns.png-atlas
[16:42:34] [main/INFO] (Minecraft) Created: 1024x512x4 minecraft:textures/atlas/shield_patterns.png-atlas
[16:42:34] [main/INFO] (Minecraft) Created: 256x256x4 minecraft:textures/atlas/chest.png-atlas
[16:42:34] [main/INFO] (Minecraft) Created: 512x256x4 minecraft:textures/atlas/beds.png-atlas
[16:42:34] [main/INFO] (Minecraft) Created: 512x256x4 minecraft:textures/atlas/shulker_boxes.png-atlas
[16:42:35] [main/INFO] (Minecraft) Created: 256x256x0 minecraft:textures/atlas/particles.png-atlas
[16:42:35] [main/INFO] (Minecraft) Created: 256x256x0 minecraft:textures/atlas/paintings.png-atlas
[16:42:35] [main/INFO] (Minecraft) Created: 256x128x0 minecraft:textures/atlas/mob_effects.png-atlas
[16:42:38] [main/WARN] (Minecraft) Ambiguity between arguments [teleport, destination] and [teleport, targets] with inputs: [Player, 0123, @e, dd12be42-52a9-4a91-a8a1-11c01849e498]
[16:42:38] [main/WARN] (Minecraft) Ambiguity between arguments [teleport, location] and [teleport, destination] with inputs: [0.1 -0.5 .9, 0 0 0]
[16:42:38] [main/WARN] (Minecraft) Ambiguity between arguments [teleport, location] and [teleport, targets] with inputs: [0.1 -0.5 .9, 0 0 0]
[16:42:38] [main/WARN] (Minecraft) Ambiguity between arguments [teleport, targets] and [teleport, destination] with inputs: [Player, 0123, dd12be42-52a9-4a91-a8a1-11c01849e498]
[16:42:38] [main/WARN] (Minecraft) Ambiguity between arguments [teleport, targets, location] and [teleport, targets, destination] with inputs: [0.1 -0.5 .9, 0 0 0]
[16:42:38] [main/INFO] (Minecraft) Reloading ResourceManager: Default, Fabric API Base, Fabric Registry Sync (v0), Fabric Resource Loader (v0), Fabric Events Lifecycle (v0), Fabric Content Registries (v0), Fabric Item API (v1), Fabric Mining Levels (v0), Fabric Textures (v0), Fabric Loader, Fabric Containers (v0), Fabric Key Bindings (v0), Fabric Renderer - Indigo, Fabric Tool Attribute API (v1), Fabric Game Rule API (v1), Fabric Biomes (v1), Fabric Models (v0), Fabric BlockRenderLayer Registration (v1), Fabric Renderer Registries (v1), Fabric Networking (v0), Fabric Rendering Fluids (v1), Fabric Loot Tables (v1), Fabric Object Builders (v0), Fabric Rendering Data Attachment (v1), Fabric Renderer API (v1), Fabric Key Binding API (v1), Fabric Events Interaction (v0), Fabric Screen Handler API (v1), Fabric Crash Report Info (v1), Fabric Tag Extensions (v0), Fabric Object Builder API (v1), Fabric Item Groups (v0), Fabric Lifecycle Events (v1), Fabric Rendering (v1), Fabric Networking Block Entity (v0), Fabric Rendering (v0), Fabric API, Fabric Tool Attribute API (v1)
[16:42:39] [main/INFO] (Minecraft) Loaded 7 recipes
[16:42:39] [main/INFO] (Minecraft) Loaded 927 advancements
[16:42:39] [main/INFO] (Minecraft) Environment: authHost='https://authserver.mojang.com', accountsHost='https://api.mojang.com', sessionHost='https://sessionserver.mojang.com', name='PROD'
[16:42:39] [Server thread/INFO] (Minecraft) Starting integrated minecraft server version 1.16.1
[16:42:39] [Server thread/INFO] (Minecraft) Generating keypair
[16:42:39] [Server thread/INFO] (Minecraft) Preparing start region for dimension minecraft:overworld
[16:42:40] [main/INFO] (Minecraft) Preparing spawn area: 0%
[16:42:40] [main/INFO] (Minecraft) Preparing spawn area: 0%
[16:42:40] [main/INFO] (Minecraft) Time elapsed: 747 ms
[16:42:40] [Server thread/INFO] (Minecraft) Changing view distance to 11, from 10
[16:42:41] [Server thread/INFO] (Minecraft) Player944[local:E:11c0974f] logged in with entity id 233 at (-111.06450745515883, 76.63183122803241, 60.653990881274396)
[16:42:41] [Server thread/INFO] (Minecraft) Player944 joined the game
[16:42:41] [main/INFO] (Minecraft) Loaded 0 advancements
[16:42:41] [Server thread/INFO] (Minecraft) Saving and pausing game...
[16:42:41] [Server thread/INFO] (Minecraft) Saving chunks for level 'ServerLevel[New World]'/minecraft:overworld
[16:42:41] [Server thread/INFO] (Minecraft) Saving chunks for level 'ServerLevel[New World]'/minecraft:the_nether
[16:42:41] [Server thread/INFO] (Minecraft) Saving chunks for level 'ServerLevel[New World]'/minecraft:the_end
[16:42:57] [main/INFO] (Minecraft) Loaded 7 advancements
[16:43:17] [Server thread/INFO] (Minecraft) Saving and pausing game...
[16:43:17] [Server thread/INFO] (Minecraft) Saving chunks for level 'ServerLevel[New World]'/minecraft:overworld
[16:43:17] [Server thread/INFO] (Minecraft) Saving chunks for level 'ServerLevel[New World]'/minecraft:the_nether
[16:43:17] [Server thread/INFO] (Minecraft) Saving chunks for level 'ServerLevel[New World]'/minecraft:the_end
[16:43:24] [main/ERROR] (Minecraft) ########## GL ERROR ##########
[16:43:24] [main/ERROR] (Minecraft) @ Render
[16:43:24] [main/ERROR] (Minecraft) 65540: Invalid scancode -1
[16:43:44] [Server thread/INFO] (Minecraft) [Player944: Set own game mode to Survival Mode]
[16:43:44] [main/INFO] (Minecraft) [CHAT] Set own game mode to Survival Mode
[16:44:21] [Server thread/INFO] (Minecraft) Player944 has made the advancement [Monster Hunter]
[16:44:21] [main/INFO] (Minecraft) [CHAT] Player944 has made the advancement [Monster Hunter]
[16:44:21] [main/INFO] (Minecraft) Loaded 24 advancements
[16:44:29] [main/INFO] (Minecraft) Loaded 24 advancements
[16:44:44] [main/INFO] (Minecraft) Loaded 24 advancements
[16:44:48] [Server thread/INFO] (Minecraft) Saving and pausing game...
[16:44:48] [Server thread/INFO] (Minecraft) Saving chunks for level 'ServerLevel[New World]'/minecraft:overworld
[16:44:48] [Server thread/INFO] (Minecraft) Saving chunks for level 'ServerLevel[New World]'/minecraft:the_nether
[16:44:48] [Server thread/INFO] (Minecraft) Saving chunks for level 'ServerLevel[New World]'/minecraft:the_end
[16:44:56] [Server thread/INFO] (Minecraft) [Player944: Set own game mode to Creative Mode]
[16:44:56] [main/INFO] (Minecraft) [CHAT] Set own game mode to Creative Mode
[16:44:58] [Server thread/INFO] (Minecraft) [Player944: Gave 1 [Repeating Command Block] to Player944]
[16:44:58] [main/INFO] (Minecraft) [CHAT] Gave 1 [Repeating Command Block] to Player944
[16:45:03] [Server thread/INFO] (Minecraft) Saving and pausing game...
[16:45:03] [Server thread/INFO] (Minecraft) Saving chunks for level 'ServerLevel[New World]'/minecraft:overworld
[16:45:03] [Server thread/INFO] (Minecraft) Saving chunks for level 'ServerLevel[New World]'/minecraft:the_nether
[16:45:03] [Server thread/INFO] (Minecraft) Saving chunks for level 'ServerLevel[New World]'/minecraft:the_end
[16:45:10] [main/INFO] (Minecraft) [CHAT] Command set: summon enderman ~ ~15 ~
[16:45:10] [Server thread/INFO] (Minecraft) Saving and pausing game...
[16:45:10] [Server thread/INFO] (Minecraft) Saving chunks for level 'ServerLevel[New World]'/minecraft:overworld
[16:45:10] [Server thread/INFO] (Minecraft) Saving chunks for level 'ServerLevel[New World]'/minecraft:the_nether
[16:45:10] [Server thread/INFO] (Minecraft) Saving chunks for level 'ServerLevel[New World]'/minecraft:the_end
[18:01:46] [Server thread/INFO] (Minecraft) Saving and pausing game...
[18:01:46] [Server thread/INFO] (Minecraft) Saving chunks for level 'ServerLevel[New World]'/minecraft:overworld
[18:01:46] [Server thread/INFO] (Minecraft) Saving chunks for level 'ServerLevel[New World]'/minecraft:the_nether
[18:01:46] [Server thread/INFO] (Minecraft) Saving chunks for level 'ServerLevel[New World]'/minecraft:the_end
[18:01:52] [main/INFO] (Minecraft) Loaded 38 advancements
[18:02:24] [Server thread/INFO] (Minecraft) Player944 has made the advancement [Hot Stuff]
[18:02:24] [main/INFO] (Minecraft) [CHAT] Player944 has made the advancement [Hot Stuff]
[18:02:24] [main/INFO] (Minecraft) Loaded 45 advancements
[18:02:28] [Server thread/INFO] (Minecraft) Saving and pausing game...
[18:02:28] [Server thread/INFO] (Minecraft) Saving chunks for level 'ServerLevel[New World]'/minecraft:overworld
[18:02:28] [Server thread/INFO] (Minecraft) Saving chunks for level 'ServerLevel[New World]'/minecraft:the_nether
[18:02:28] [Server thread/INFO] (Minecraft) Saving chunks for level 'ServerLevel[New World]'/minecraft:the_end
[18:02:29] [Server thread/INFO] (Minecraft) [@: Summoned new Enderman]
[18:02:29] [main/INFO] (Minecraft) [CHAT] Command set: summon enderman ~ ~15 ~
[18:02:29] [main/INFO] (Minecraft) [CHAT] [@: Summoned new Enderman]
[18:02:29] [Server thread/INFO] (Minecraft) [@: Summoned new Enderman]
[18:02:29] [main/INFO] (Minecraft) [CHAT] [@: Summoned new Enderman]
[18:02:29] [Server thread/INFO] (Minecraft) [@: Summoned new Enderman]
[18:02:29] [main/INFO] (Minecraft) [CHAT] [@: Summoned new Enderman]
[18:02:29] [Server thread/INFO] (Minecraft) [@: Summoned new Enderman]
[18:02:29] [main/INFO] (Minecraft) [CHAT] [@: Summoned new Enderman]
[18:02:29] [Server thread/INFO] (Minecraft) [@: Summoned new Enderman]
[18:02:29] [main/INFO] (Minecraft) [CHAT] [@: Summoned new Enderman]
[18:02:30] [Server thread/INFO] (Minecraft) [@: Summoned new Enderman]
[18:02:30] [main/INFO] (Minecraft) [CHAT] [@: Summoned new Enderman]
[18:02:30] [Server thread/INFO] (Minecraft) [@: Summoned new Enderman]
[18:02:30] [main/INFO] (Minecraft) [CHAT] [@: Summoned new Enderman]
[18:02:30] [Server thread/INFO] (Minecraft) [@: Summoned new Enderman]
[18:02:30] [main/INFO] (Minecraft) [CHAT] [@: Summoned new Enderman]
[18:02:30] [Server thread/INFO] (Minecraft) [@: Summoned new Enderman]
[18:02:30] [main/INFO] (Minecraft) [CHAT] [@: Summoned new Enderman]
[18:02:30] [Server thread/INFO] (Minecraft) [@: Summoned new Enderman]
[18:02:30] [main/INFO] (Minecraft) [CHAT] [@: Summoned new Enderman]
[18:02:30] [Server thread/INFO] (Minecraft) [@: Summoned new Enderman]
[18:02:30] [main/INFO] (Minecraft) [CHAT] [@: Summoned new Enderman]
[18:02:30] [Server thread/INFO] (Minecraft) [@: Summoned new Enderman]
[18:02:30] [main/INFO] (Minecraft) [CHAT] [@: Summoned new Enderman]
[18:02:30] [Server thread/INFO] (Minecraft) [@: Summoned new Enderman]
[18:02:30] [main/INFO] (Minecraft) [CHAT] [@: Summoned new Enderman]
[18:02:30] [Server thread/INFO] (Minecraft) [@: Summoned new Enderman]
[18:02:30] [main/INFO] (Minecraft) [CHAT] [@: Summoned new Enderman]
[18:02:30] [Server thread/INFO] (Minecraft) [@: Summoned new Enderman]
[18:02:30] [main/INFO] (Minecraft) [CHAT] [@: Summoned new Enderman]
[18:02:30] [Server thread/INFO] (Minecraft) [@: Summoned new Enderman]
[18:02:30] [main/INFO] (Minecraft) [CHAT] [@: Summoned new Enderman]
[18:02:30] [Server thread/INFO] (Minecraft) [@: Summoned new Enderman]
[18:02:30] [main/INFO] (Minecraft) [CHAT] [@: Summoned new Enderman]
[18:02:30] [Server thread/INFO] (Minecraft) [@: Summoned new Enderman]
[18:02:30] [main/INFO] (Minecraft) [CHAT] [@: Summoned new Enderman]
[18:02:30] [Server thread/INFO] (Minecraft) [@: Summoned new Enderman]
[18:02:30] [main/INFO] (Minecraft) [CHAT] [@: Summoned new Enderman]
[18:02:30] [Server thread/INFO] (Minecraft) [@: Summoned new Enderman]
[18:02:30] [main/INFO] (Minecraft) [CHAT] [@: Summoned new Enderman]
[18:02:30] [Server thread/INFO] (Minecraft) [@: Summoned new Enderman]
[18:02:30] [main/INFO] (Minecraft) [CHAT] [@: Summoned new Enderman]
[18:02:30] [Server thread/INFO] (Minecraft) [@: Summoned new Enderman]
[18:02:30] [main/INFO] (Minecraft) [CHAT] [@: Summoned new Enderman]
[18:02:30] [Server thread/INFO] (Minecraft) [@: Summoned new Enderman]
[18:02:30] [main/INFO] (Minecraft) [CHAT] [@: Summoned new Enderman]
[18:02:30] [Server thread/INFO] (Minecraft) [@: Summoned new Enderman]
[18:02:30] [main/INFO] (Minecraft) [CHAT] [@: Summoned new Enderman]
[18:02:30] [Server thread/INFO] (Minecraft) [@: Summoned new Enderman]
[18:02:30] [main/INFO] (Minecraft) [CHAT] [@: Summoned new Enderman]
[18:02:31] [Server thread/INFO] (Minecraft) [@: Summoned new Enderman]
[18:02:31] [main/INFO] (Minecraft) [CHAT] [@: Summoned new Enderman]
[18:02:31] [Server thread/INFO] (Minecraft) [@: Summoned new Enderman]
[18:02:31] [main/INFO] (Minecraft) [CHAT] [@: Summoned new Enderman]
[18:02:31] [Server thread/INFO] (Minecraft) [@: Summoned new Enderman]
[18:02:31] [main/INFO] (Minecraft) [CHAT] [@: Summoned new Enderman]
[18:02:31] [Server thread/INFO] (Minecraft) [@: Summoned new Enderman]
[18:02:31] [main/INFO] (Minecraft) [CHAT] [@: Summoned new Enderman]
[18:02:31] [Server thread/INFO] (Minecraft) [@: Summoned new Enderman]
[18:02:31] [main/INFO] (Minecraft) [CHAT] [@: Summoned new Enderman]
[18:02:31] [Server thread/INFO] (Minecraft) [@: Summoned new Enderman]
[18:02:31] [main/INFO] (Minecraft) [CHAT] [@: Summoned new Enderman]
[18:02:31] [Server thread/INFO] (Minecraft) [@: Summoned new Enderman]
[18:02:31] [main/INFO] (Minecraft) [CHAT] [@: Summoned new Enderman]
[18:02:31] [Server thread/INFO] (Minecraft) [@: Summoned new Enderman]
[18:02:31] [main/INFO] (Minecraft) [CHAT] [@: Summoned new Enderman]
[18:02:31] [Server thread/INFO] (Minecraft) [@: Summoned new Enderman]
[18:02:31] [main/INFO] (Minecraft) [CHAT] [@: Summoned new Enderman]
[18:02:31] [Server thread/INFO] (Minecraft) [@: Summoned new Enderman]
[18:02:31] [main/INFO] (Minecraft) [CHAT] [@: Summoned new Enderman]
[18:02:31] [Server thread/INFO] (Minecraft) [@: Summoned new Enderman]
[18:02:31] [main/INFO] (Minecraft) [CHAT] [@: Summoned new Enderman]
[18:02:31] [Server thread/INFO] (Minecraft) [@: Summoned new Enderman]
[18:02:31] [main/INFO] (Minecraft) [CHAT] [@: Summoned new Enderman]
[18:02:31] [Server thread/INFO] (Minecraft) [@: Summoned new Enderman]
[18:02:31] [main/INFO] (Minecraft) [CHAT] [@: Summoned new Enderman]
[18:02:31] [Server thread/INFO] (Minecraft) [@: Summoned new Enderman]
[18:02:31] [main/INFO] (Minecraft) [CHAT] [@: Summoned new Enderman]
[18:02:31] [Server thread/INFO] (Minecraft) [@: Summoned new Enderman]
[18:02:31] [main/INFO] (Minecraft) [CHAT] [@: Summoned new Enderman]
[18:02:31] [Server thread/INFO] (Minecraft) [@: Summoned new Enderman]
[18:02:31] [main/INFO] (Minecraft) [CHAT] [@: Summoned new Enderman]
[18:02:31] [Server thread/INFO] (Minecraft) [@: Summoned new Enderman]
[18:02:31] [main/INFO] (Minecraft) [CHAT] [@: Summoned new Enderman]
[18:02:31] [Server thread/INFO] (Minecraft) [@: Summoned new Enderman]
[18:02:31] [main/INFO] (Minecraft) [CHAT] [@: Summoned new Enderman]
[18:02:31] [Server thread/INFO] (Minecraft) [@: Summoned new Enderman]
[18:02:31] [main/INFO] (Minecraft) [CHAT] [@: Summoned new Enderman]
[18:02:31] [Server thread/INFO] (Minecraft) [@: Summoned new Enderman]
[18:02:31] [main/INFO] (Minecraft) [CHAT] [@: Summoned new Enderman]
[18:02:32] [Server thread/INFO] (Minecraft) [@: Summoned new Enderman]
[18:02:32] [main/INFO] (Minecraft) [CHAT] [@: Summoned new Enderman]
[18:02:32] [Server thread/INFO] (Minecraft) [@: Summoned new Enderman]
[18:02:32] [main/INFO] (Minecraft) [CHAT] [@: Summoned new Enderman]
[18:02:32] [Server thread/INFO] (Minecraft) [@: Summoned new Enderman]
[18:02:32] [main/INFO] (Minecraft) [CHAT] [@: Summoned new Enderman]
[18:02:32] [Server thread/INFO] (Minecraft) [@: Summoned new Enderman]
[18:02:32] [main/INFO] (Minecraft) [CHAT] [@: Summoned new Enderman]
[18:02:32] [Server thread/INFO] (Minecraft) [@: Summoned new Enderman]
[18:02:32] [main/INFO] (Minecraft) [CHAT] [@: Summoned new Enderman]
[18:02:32] [Server thread/INFO] (Minecraft) [@: Summoned new Enderman]
[18:02:32] [main/INFO] (Minecraft) [CHAT] [@: Summoned new Enderman]
[18:02:32] [Server thread/INFO] (Minecraft) [@: Summoned new Enderman]
[18:02:32] [main/INFO] (Minecraft) [CHAT] [@: Summoned new Enderman]
[18:02:32] [Server thread/INFO] (Minecraft) [@: Summoned new Enderman]
[18:02:32] [main/INFO] (Minecraft) [CHAT] [@: Summoned new Enderman]
[18:02:32] [Server thread/INFO] (Minecraft) [@: Summoned new Enderman]
[18:02:32] [main/INFO] (Minecraft) [CHAT] [@: Summoned new Enderman]
[18:02:32] [Server thread/INFO] (Minecraft) [@: Summoned new Enderman]
[18:02:32] [main/INFO] (Minecraft) [CHAT] [@: Summoned new Enderman]
[18:02:32] [Server thread/INFO] (Minecraft) [@: Summoned new Enderman]
[18:02:32] [main/INFO] (Minecraft) [CHAT] [@: Summoned new Enderman]
[18:02:32] [Server thread/INFO] (Minecraft) [@: Summoned new Enderman]
[18:02:32] [main/INFO] (Minecraft) [CHAT] [@: Summoned new Enderman]
[18:02:32] [Server thread/INFO] (Minecraft) [@: Summoned new Enderman]
[18:02:32] [main/INFO] (Minecraft) [CHAT] [@: Summoned new Enderman]
[18:02:32] [Server thread/INFO] (Minecraft) [@: Summoned new Enderman]
[18:02:32] [main/INFO] (Minecraft) [CHAT] [@: Summoned new Enderman]
[18:02:32] [Server thread/INFO] (Minecraft) [@: Summoned new Enderman]
[18:02:32] [main/INFO] (Minecraft) [CHAT] [@: Summoned new Enderman]
[18:02:32] [Server thread/INFO] (Minecraft) [@: Summoned new Enderman]
[18:02:32] [main/INFO] (Minecraft) [CHAT] [@: Summoned new Enderman]
[18:02:32] [Server thread/INFO] (Minecraft) [@: Summoned new Enderman]
[18:02:32] [main/INFO] (Minecraft) [CHAT] [@: Summoned new Enderman]
[18:02:32] [Server thread/INFO] (Minecraft) [@: Summoned new Enderman]
[18:02:32] [main/INFO] (Minecraft) [CHAT] [@: Summoned new Enderman]
[18:02:32] [Server thread/INFO] (Minecraft) [@: Summoned new Enderman]
[18:02:32] [main/INFO] (Minecraft) [CHAT] [@: Summoned new Enderman]
[18:02:32] [Server thread/INFO] (Minecraft) [@: Summoned new Enderman]
[18:02:32] [main/INFO] (Minecraft) [CHAT] [@: Summoned new Enderman]
[18:02:33] [Server thread/INFO] (Minecraft) [@: Summoned new Enderman]
[18:02:33] [main/INFO] (Minecraft) [CHAT] [@: Summoned new Enderman]
[18:02:33] [Server thread/INFO] (Minecraft) [@: Summoned new Enderman]
[18:02:33] [main/INFO] (Minecraft) [CHAT] [@: Summoned new Enderman]
[18:02:33] [Server thread/INFO] (Minecraft) [@: Summoned new Enderman]
[18:02:33] [main/INFO] (Minecraft) [CHAT] [@: Summoned new Enderman]
[18:02:33] [Server thread/INFO] (Minecraft) [@: Summoned new Enderman]
[18:02:33] [main/INFO] (Minecraft) [CHAT] [@: Summoned new Enderman]
[18:02:33] [Server thread/INFO] (Minecraft) [@: Summoned new Enderman]
[18:02:33] [main/INFO] (Minecraft) [CHAT] [@: Summoned new Enderman]
[18:02:33] [Server thread/INFO] (Minecraft) [@: Summoned new Enderman]
[18:02:33] [main/INFO] (Minecraft) [CHAT] [@: Summoned new Enderman]
[18:02:33] [Server thread/INFO] (Minecraft) [@: Summoned new Enderman]
[18:02:33] [main/INFO] (Minecraft) [CHAT] [@: Summoned new Enderman]
[18:02:33] [Server thread/INFO] (Minecraft) [@: Summoned new Enderman]
[18:02:33] [main/INFO] (Minecraft) [CHAT] [@: Summoned new Enderman]
[18:02:33] [Server thread/INFO] (Minecraft) [@: Summoned new Enderman]
[18:02:33] [main/INFO] (Minecraft) [CHAT] [@: Summoned new Enderman]
[18:02:33] [Server thread/INFO] (Minecraft) [@: Summoned new Enderman]
[18:02:33] [main/INFO] (Minecraft) [CHAT] [@: Summoned new Enderman]
[18:02:33] [Server thread/INFO] (Minecraft) [@: Summoned new Enderman]
[18:02:33] [main/INFO] (Minecraft) [CHAT] [@: Summoned new Enderman]
[18:02:33] [Server thread/INFO] (Minecraft) [@: Summoned new Enderman]
[18:02:33] [main/INFO] (Minecraft) [CHAT] [@: Summoned new Enderman]
[18:02:33] [Server thread/INFO] (Minecraft) [@: Summoned new Enderman]
[18:02:33] [main/INFO] (Minecraft) [CHAT] [@: Summoned new Enderman]
[18:02:33] [Server thread/INFO] (Minecraft) [@: Summoned new Enderman]
[18:02:33] [main/INFO] (Minecraft) [CHAT] [@: Summoned new Enderman]
[18:02:33] [Server thread/INFO] (Minecraft) [@: Summoned new Enderman]
[18:02:33] [main/INFO] (Minecraft) [CHAT] [@: Summoned new Enderman]
[18:02:33] [Server thread/INFO] (Minecraft) [@: Summoned new Enderman]
[18:02:33] [main/INFO] (Minecraft) [CHAT] [@: Summoned new Enderman]
[18:02:33] [Server thread/INFO] (Minecraft) [@: Summoned new Enderman]
[18:02:33] [Server thread/WARN] (Minecraft) Fetching packet for removed entity ItemEntity['Air'/1835, l='ServerLevel[New World]', x=-28.50, y=98.74, z=-30.50]
[18:02:33] [main/INFO] (Minecraft) [CHAT] [@: Summoned new Enderman]
[18:02:33] [Server thread/INFO] (Minecraft) [@: Summoned new Enderman]
[18:02:33] [main/INFO] (Minecraft) [CHAT] [@: Summoned new Enderman]
[18:02:33] [Server thread/INFO] (Minecraft) [@: Summoned new Enderman]
[18:02:33] [main/INFO] (Minecraft) [CHAT] [@: Summoned new Enderman]
[18:02:33] [Server thread/INFO] (Minecraft) [@: Summoned new Enderman]
[18:02:33] [main/INFO] (Minecraft) [CHAT] [@: Summoned new Enderman]
[18:02:34] [Server thread/INFO] (Minecraft) [@: Summoned new Enderman]
[18:02:34] [main/INFO] (Minecraft) [CHAT] [@: Summoned new Enderman]
[18:02:34] [Server thread/INFO] (Minecraft) [@: Summoned new Enderman]
[18:02:34] [main/INFO] (Minecraft) [CHAT] [@: Summoned new Enderman]
[18:02:34] [Server thread/INFO] (Minecraft) [@: Summoned new Enderman]
[18:02:34] [main/INFO] (Minecraft) [CHAT] [@: Summoned new Enderman]
[18:02:34] [Server thread/WARN] (Minecraft) Fetching packet for removed entity ItemEntity['Air'/1853, l='ServerLevel[New World]', x=-28.50, y=98.79, z=-30.50]
[18:02:34] [Server thread/INFO] (Minecraft) [@: Summoned new Enderman]
[18:02:34] [main/INFO] (Minecraft) [CHAT] [@: Summoned new Enderman]
[18:02:34] [Server thread/INFO] (Minecraft) [@: Summoned new Enderman]
[18:02:34] [main/INFO] (Minecraft) [CHAT] [@: Summoned new Enderman]
[18:02:34] [Server thread/INFO] (Minecraft) [@: Summoned new Enderman]
[18:02:34] [main/INFO] (Minecraft) [CHAT] [@: Summoned new Enderman]
[18:02:34] [Server thread/INFO] (Minecraft) [@: Summoned new Enderman]
[18:02:34] [main/INFO] (Minecraft) [CHAT] [@: Summoned new Enderman]
[18:02:34] [Server thread/INFO] (Minecraft) [@: Summoned new Enderman]
[18:02:34] [main/INFO] (Minecraft) [CHAT] [@: Summoned new Enderman]
[18:02:34] [Server thread/INFO] (Minecraft) [@: Summoned new Enderman]
[18:02:34] [main/INFO] (Minecraft) [CHAT] [@: Summoned new Enderman]
[18:02:34] [Server thread/INFO] (Minecraft) [@: Summoned new Enderman]
[18:02:34] [main/INFO] (Minecraft) [CHAT] [@: Summoned new Enderman]
[18:02:34] [Server thread/INFO] (Minecraft) [@: Summoned new Enderman]
[18:02:34] [main/INFO] (Minecraft) [CHAT] [@: Summoned new Enderman]
[18:02:34] [Server thread/INFO] (Minecraft) [@: Summoned new Enderman]
[18:02:34] [main/INFO] (Minecraft) [CHAT] [@: Summoned new Enderman]
[18:02:34] [Server thread/INFO] (Minecraft) [@: Summoned new Enderman]
[18:02:34] [main/INFO] (Minecraft) [CHAT] [@: Summoned new Enderman]
[18:02:34] [Server thread/INFO] (Minecraft) [@: Summoned new Enderman]
[18:02:34] [main/INFO] (Minecraft) [CHAT] [@: Summoned new Enderman]
[18:02:34] [Server thread/INFO] (Minecraft) [@: Summoned new Enderman]
[18:02:34] [main/INFO] (Minecraft) [CHAT] [@: Summoned new Enderman]
[18:02:34] [Server thread/INFO] (Minecraft) [@: Summoned new Enderman]
[18:02:34] [main/INFO] (Minecraft) [CHAT] [@: Summoned new Enderman]
[18:02:34] [Server thread/INFO] (Minecraft) [@: Summoned new Enderman]
[18:02:34] [main/INFO] (Minecraft) [CHAT] [@: Summoned new Enderman]
[18:02:34] [Server thread/INFO] (Minecraft) [@: Summoned new Enderman]
[18:02:34] [main/INFO] (Minecraft) [CHAT] [@: Summoned new Enderman]
[18:02:34] [Server thread/INFO] (Minecraft) [@: Summoned new Enderman]
[18:02:34] [main/INFO] (Minecraft) [CHAT] [@: Summoned new Enderman]
[18:02:34] [Server thread/INFO] (Minecraft) [@: Summoned new Enderman]
[18:02:34] [main/INFO] (Minecraft) [CHAT] [@: Summoned new Enderman]
[18:02:35] [Server thread/INFO] (Minecraft) [@: Summoned new Enderman]
[18:02:35] [main/INFO] (Minecraft) [CHAT] [@: Summoned new Enderman]
[18:02:35] [Server thread/INFO] (Minecraft) [@: Summoned new Enderman]
[18:02:35] [main/INFO] (Minecraft) [CHAT] [@: Summoned new Enderman]
[18:02:35] [Server thread/INFO] (Minecraft) [@: Summoned new Enderman]
[18:02:35] [main/INFO] (Minecraft) [CHAT] [@: Summoned new Enderman]
[18:02:35] [Server thread/INFO] (Minecraft) [@: Summoned new Enderman]
[18:02:35] [main/INFO] (Minecraft) [CHAT] [@: Summoned new Enderman]
[18:02:35] [Server thread/INFO] (Minecraft) [@: Summoned new Enderman]
[18:02:35] [main/INFO] (Minecraft) [CHAT] [@: Summoned new Enderman]
[18:02:35] [Server thread/INFO] (Minecraft) [@: Summoned new Enderman]
[18:02:35] [main/INFO] (Minecraft) [CHAT] [@: Summoned new Enderman]
[18:02:35] [Server thread/INFO] (Minecraft) [@: Summoned new Enderman]
[18:02:35] [main/INFO] (Minecraft) [CHAT] [@: Summoned new Enderman]
[18:02:35] [Server thread/INFO] (Minecraft) [@: Summoned new Enderman]
[18:02:35] [main/INFO] (Minecraft) [CHAT] [@: Summoned new Enderman]
[18:02:35] [Server thread/INFO] (Minecraft) [@: Summoned new Enderman]
[18:02:35] [main/INFO] (Minecraft) [CHAT] [@: Summoned new Enderman]
[18:02:35] [Server thread/INFO] (Minecraft) [@: Summoned new Enderman]
[18:02:35] [main/INFO] (Minecraft) [CHAT] [@: Summoned new Enderman]
[18:02:35] [Server thread/INFO] (Minecraft) [@: Summoned new Enderman]
[18:02:35] [main/INFO] (Minecraft) [CHAT] [@: Summoned new Enderman]
[18:02:35] [Server thread/INFO] (Minecraft) [@: Summoned new Enderman]
[18:02:35] [main/INFO] (Minecraft) [CHAT] [@: Summoned new Enderman]
[18:02:35] [Server thread/INFO] (Minecraft) [@: Summoned new Enderman]
[18:02:35] [main/INFO] (Minecraft) [CHAT] [@: Summoned new Enderman]
[18:02:35] [Server thread/INFO] (Minecraft) [@: Summoned new Enderman]
[18:02:35] [main/INFO] (Minecraft) [CHAT] [@: Summoned new Enderman]
[18:02:35] [Server thread/INFO] (Minecraft) [@: Summoned new Enderman]
[18:02:35] [main/INFO] (Minecraft) [CHAT] [@: Summoned new Enderman]
[18:02:35] [Server thread/INFO] (Minecraft) [@: Summoned new Enderman]
[18:02:35] [main/INFO] (Minecraft) [CHAT] [@: Summoned new Enderman]
[18:02:35] [Server thread/INFO] (Minecraft) [@: Summoned new Enderman]
[18:02:35] [main/INFO] (Minecraft) [CHAT] [@: Summoned new Enderman]
[18:02:35] [Server thread/INFO] (Minecraft) [@: Summoned new Enderman]
[18:02:35] [main/INFO] (Minecraft) [CHAT] [@: Summoned new Enderman]
[18:02:35] [Server thread/INFO] (Minecraft) [@: Summoned new Enderman]
[18:02:35] [main/INFO] (Minecraft) [CHAT] [@: Summoned new Enderman]
[18:02:35] [Server thread/INFO] (Minecraft) [@: Summoned new Enderman]
[18:02:35] [main/INFO] (Minecraft) [CHAT] [@: Summoned new Enderman]
[18:02:36] [Server thread/INFO] (Minecraft) [@: Summoned new Enderman]
[18:02:36] [main/INFO] (Minecraft) [CHAT] [@: Summoned new Enderman]
[18:02:36] [Server thread/INFO] (Minecraft) [@: Summoned new Enderman]
[18:02:36] [main/INFO] (Minecraft) [CHAT] [@: Summoned new Enderman]
[18:02:36] [Server thread/INFO] (Minecraft) [@: Summoned new Enderman]
[18:02:36] [main/INFO] (Minecraft) [CHAT] [@: Summoned new Enderman]
[18:02:36] [Server thread/INFO] (Minecraft) [@: Summoned new Enderman]
[18:02:36] [main/INFO] (Minecraft) [CHAT] [@: Summoned new Enderman]
[18:02:36] [Server thread/INFO] (Minecraft) [@: Summoned new Enderman]
[18:02:36] [main/INFO] (Minecraft) [CHAT] [@: Summoned new Enderman]
[18:02:36] [Server thread/INFO] (Minecraft) [@: Summoned new Enderman]
[18:02:36] [main/INFO] (Minecraft) [CHAT] [@: Summoned new Enderman]
[18:02:36] [Server thread/INFO] (Minecraft) [@: Summoned new Enderman]
[18:02:36] [main/INFO] (Minecraft) [CHAT] [@: Summoned new Enderman]
[18:02:36] [Server thread/INFO] (Minecraft) [@: Summoned new Enderman]
[18:02:36] [main/INFO] (Minecraft) [CHAT] [@: Summoned new Enderman]
[18:02:36] [Server thread/INFO] (Minecraft) [@: Summoned new Enderman]
[18:02:36] [main/INFO] (Minecraft) [CHAT] [@: Summoned new Enderman]
[18:02:36] [Server thread/INFO] (Minecraft) [@: Summoned new Enderman]
[18:02:36] [main/INFO] (Minecraft) [CHAT] [@: Summoned new Enderman]
[18:02:36] [Server thread/INFO] (Minecraft) [@: Summoned new Enderman]
[18:02:36] [main/INFO] (Minecraft) [CHAT] [@: Summoned new Enderman]
[18:02:36] [Server thread/INFO] (Minecraft) [@: Summoned new Enderman]
[18:02:36] [main/INFO] (Minecraft) [CHAT] [@: Summoned new Enderman]
[18:02:36] [Server thread/INFO] (Minecraft) [@: Summoned new Enderman]
[18:02:36] [main/INFO] (Minecraft) [CHAT] [@: Summoned new Enderman]
[18:02:36] [Server thread/INFO] (Minecraft) [@: Summoned new Enderman]
[18:02:36] [main/INFO] (Minecraft) [CHAT] [@: Summoned new Enderman]
[18:02:36] [Server thread/INFO] (Minecraft) [@: Summoned new Enderman]
[18:02:36] [main/INFO] (Minecraft) [CHAT] [@: Summoned new Enderman]
[18:02:36] [Server thread/INFO] (Minecraft) [@: Summoned new Enderman]
[18:02:36] [main/INFO] (Minecraft) [CHAT] [@: Summoned new Enderman]
[18:02:36] [Server thread/INFO] (Minecraft) [@: Summoned new Enderman]
[18:02:36] [main/INFO] (Minecraft) [CHAT] [@: Summoned new Enderman]
[18:02:36] [Server thread/INFO] (Minecraft) [@: Summoned new Enderman]
[18:02:36] [main/INFO] (Minecraft) [CHAT] [@: Summoned new Enderman]
[18:02:36] [Server thread/INFO] (Minecraft) [@: Summoned new Enderman]
[18:02:36] [main/INFO] (Minecraft) [CHAT] [@: Summoned new Enderman]
[18:02:36] [Server thread/INFO] (Minecraft) [@: Summoned new Enderman]
[18:02:36] [main/INFO] (Minecraft) [CHAT] [@: Summoned new Enderman]
[18:02:37] [Server thread/INFO] (Minecraft) [@: Summoned new Enderman]
[18:02:37] [main/INFO] (Minecraft) [CHAT] [@: Summoned new Enderman]
[18:02:37] [Server thread/INFO] (Minecraft) [@: Summoned new Enderman]
[18:02:37] [main/INFO] (Minecraft) [CHAT] [@: Summoned new Enderman]
[18:02:37] [Server thread/INFO] (Minecraft) [@: Summoned new Enderman]
[18:02:37] [main/INFO] (Minecraft) [CHAT] [@: Summoned new Enderman]
[18:02:37] [Server thread/INFO] (Minecraft) [@: Summoned new Enderman]
[18:02:37] [main/INFO] (Minecraft) [CHAT] [@: Summoned new Enderman]
[18:02:37] [Server thread/INFO] (Minecraft) [@: Summoned new Enderman]
[18:02:37] [main/INFO] (Minecraft) [CHAT] [@: Summoned new Enderman]
[18:02:37] [Server thread/INFO] (Minecraft) [@: Summoned new Enderman]
[18:02:37] [main/INFO] (Minecraft) [CHAT] [@: Summoned new Enderman]
[18:02:37] [Server thread/INFO] (Minecraft) [@: Summoned new Enderman]
[18:02:37] [main/INFO] (Minecraft) [CHAT] [@: Summoned new Enderman]
[18:02:37] [Server thread/INFO] (Minecraft) [@: Summoned new Enderman]
[18:02:37] [main/INFO] (Minecraft) [CHAT] [@: Summoned new Enderman]
[18:02:37] [Server thread/INFO] (Minecraft) [@: Summoned new Enderman]
[18:02:37] [main/INFO] (Minecraft) [CHAT] [@: Summoned new Enderman]
[18:02:37] [Server thread/INFO] (Minecraft) [@: Summoned new Enderman]
[18:02:37] [main/INFO] (Minecraft) [CHAT] [@: Summoned new Enderman]
[18:02:37] [Server thread/INFO] (Minecraft) [@: Summoned new Enderman]
[18:02:37] [main/INFO] (Minecraft) [CHAT] [@: Summoned new Enderman]
[18:02:37] [Server thread/INFO] (Minecraft) [@: Summoned new Enderman]
[18:02:37] [main/INFO] (Minecraft) [CHAT] [@: Summoned new Enderman]
[18:02:37] [Server thread/INFO] (Minecraft) [@: Summoned new Enderman]
[18:02:37] [main/INFO] (Minecraft) [CHAT] [@: Summoned new Enderman]
[18:02:37] [Server thread/INFO] (Minecraft) [@: Summoned new Enderman]
[18:02:37] [main/INFO] (Minecraft) [CHAT] [@: Summoned new Enderman]
[18:02:37] [Server thread/INFO] (Minecraft) [@: Summoned new Enderman]
[18:02:37] [main/INFO] (Minecraft) [CHAT] [@: Summoned new Enderman]
[18:02:37] [Server thread/INFO] (Minecraft) [@: Summoned new Enderman]
[18:02:37] [main/INFO] (Minecraft) [CHAT] [@: Summoned new Enderman]
[18:02:37] [Server thread/INFO] (Minecraft) [@: Summoned new Enderman]
[18:02:37] [main/INFO] (Minecraft) [CHAT] [@: Summoned new Enderman]
[18:02:37] [Server thread/INFO] (Minecraft) [@: Summoned new Enderman]
[18:02:37] [main/INFO] (Minecraft) [CHAT] [@: Summoned new Enderman]
[18:02:37] [Server thread/INFO] (Minecraft) [@: Summoned new Enderman]
[18:02:37] [main/INFO] (Minecraft) [CHAT] [@: Summoned new Enderman]
[18:02:37] [Server thread/INFO] (Minecraft) [@: Summoned new Enderman]
[18:02:37] [main/INFO] (Minecraft) [CHAT] [@: Summoned new Enderman]
[18:02:38] [Server thread/INFO] (Minecraft) [@: Summoned new Enderman]
[18:02:38] [main/INFO] (Minecraft) [CHAT] [@: Summoned new Enderman]
[18:02:38] [Server thread/INFO] (Minecraft) [@: Summoned new Enderman]
[18:02:38] [main/INFO] (Minecraft) [CHAT] [@: Summoned new Enderman]
[18:02:38] [Server thread/INFO] (Minecraft) [@: Summoned new Enderman]
[18:02:38] [main/INFO] (Minecraft) [CHAT] [@: Summoned new Enderman]
[18:02:38] [Server thread/INFO] (Minecraft) [@: Summoned new Enderman]
[18:02:38] [main/INFO] (Minecraft) [CHAT] [@: Summoned new Enderman]
[18:02:38] [Server thread/INFO] (Minecraft) [@: Summoned new Enderman]
[18:02:38] [main/INFO] (Minecraft) [CHAT] [@: Summoned new Enderman]
[18:02:38] [Server thread/INFO] (Minecraft) [@: Summoned new Enderman]
[18:02:38] [main/INFO] (Minecraft) [CHAT] [@: Summoned new Enderman]
[18:02:38] [Server thread/INFO] (Minecraft) [@: Summoned new Enderman]
[18:02:38] [main/INFO] (Minecraft) [CHAT] [@: Summoned new Enderman]
[18:02:38] [Server thread/INFO] (Minecraft) [@: Summoned new Enderman]
[18:02:38] [main/INFO] (Minecraft) [CHAT] [@: Summoned new Enderman]
[18:02:38] [Server thread/INFO] (Minecraft) [@: Summoned new Enderman]
[18:02:38] [main/INFO] (Minecraft) [CHAT] [@: Summoned new Enderman]
[18:02:38] [Server thread/INFO] (Minecraft) [@: Summoned new Enderman]
[18:02:38] [main/INFO] (Minecraft) [CHAT] [@: Summoned new Enderman]
[18:02:38] [Server thread/INFO] (Minecraft) [@: Summoned new Enderman]
[18:02:38] [main/INFO] (Minecraft) [CHAT] [@: Summoned new Enderman]
[18:02:38] [Server thread/INFO] (Minecraft) [@: Summoned new Enderman]
[18:02:38] [main/INFO] (Minecraft) [CHAT] [@: Summoned new Enderman]
[18:02:38] [Server thread/INFO] (Minecraft) [@: Summoned new Enderman]
[18:02:38] [main/INFO] (Minecraft) [CHAT] [@: Summoned new Enderman]
[18:02:38] [Server thread/INFO] (Minecraft) [@: Summoned new Enderman]
[18:02:38] [main/INFO] (Minecraft) [CHAT] [@: Summoned new Enderman]
[18:02:38] [Server thread/INFO] (Minecraft) [@: Summoned new Enderman]
[18:02:38] [main/INFO] (Minecraft) [CHAT] [@: Summoned new Enderman]
[18:02:38] [Server thread/INFO] (Minecraft) [@: Summoned new Enderman]
[18:02:38] [main/INFO] (Minecraft) [CHAT] [@: Summoned new Enderman]
[18:02:38] [Server thread/INFO] (Minecraft) [@: Summoned new Enderman]
[18:02:38] [main/INFO] (Minecraft) [CHAT] [@: Summoned new Enderman]
[18:02:38] [Server thread/INFO] (Minecraft) [@: Summoned new Enderman]
[18:02:38] [main/INFO] (Minecraft) [CHAT] [@: Summoned new Enderman]
[18:02:38] [Server thread/INFO] (Minecraft) [@: Summoned new Enderman]
[18:02:38] [main/INFO] (Minecraft) [CHAT] [@: Summoned new Enderman]
[18:02:38] [Server thread/INFO] (Minecraft) [@: Summoned new Enderman]
[18:02:38] [main/INFO] (Minecraft) [CHAT] [@: Summoned new Enderman]
[18:02:39] [Server thread/INFO] (Minecraft) [@: Summoned new Enderman]
[18:02:39] [main/INFO] (Minecraft) [CHAT] [@: Summoned new Enderman]
[18:02:39] [Server thread/INFO] (Minecraft) [@: Summoned new Enderman]
[18:02:39] [main/INFO] (Minecraft) [CHAT] [@: Summoned new Enderman]
[18:02:39] [Server thread/INFO] (Minecraft) [@: Summoned new Enderman]
[18:02:39] [main/INFO] (Minecraft) [CHAT] [@: Summoned new Enderman]
[18:02:39] [Server thread/INFO] (Minecraft) [@: Summoned new Enderman]
[18:02:39] [main/INFO] (Minecraft) [CHAT] [@: Summoned new Enderman]
[18:02:39] [Server thread/INFO] (Minecraft) [@: Summoned new Enderman]
[18:02:39] [main/INFO] (Minecraft) [CHAT] [@: Summoned new Enderman]
[18:02:39] [Server thread/INFO] (Minecraft) [@: Summoned new Enderman]
[18:02:39] [main/INFO] (Minecraft) [CHAT] [@: Summoned new Enderman]
[18:02:39] [Server thread/INFO] (Minecraft) [@: Summoned new Enderman]
[18:02:39] [main/INFO] (Minecraft) [CHAT] [@: Summoned new Enderman]
[18:02:39] [Server thread/INFO] (Minecraft) [@: Summoned new Enderman]
[18:02:39] [main/INFO] (Minecraft) [CHAT] [@: Summoned new Enderman]
[18:02:39] [Server thread/INFO] (Minecraft) [@: Summoned new Enderman]
[18:02:39] [main/INFO] (Minecraft) [CHAT] [@: Summoned new Enderman]
[18:02:39] [Server thread/INFO] (Minecraft) [@: Summoned new Enderman]
[18:02:39] [main/INFO] (Minecraft) [CHAT] [@: Summoned new Enderman]
[18:02:39] [Server thread/INFO] (Minecraft) [@: Summoned new Enderman]
[18:02:39] [main/INFO] (Minecraft) [CHAT] [@: Summoned new Enderman]
[18:02:39] [Server thread/INFO] (Minecraft) [@: Summoned new Enderman]
[18:02:39] [main/INFO] (Minecraft) [CHAT] [@: Summoned new Enderman]
[18:02:39] [Server thread/INFO] (Minecraft) [@: Summoned new Enderman]
[18:02:39] [main/INFO] (Minecraft) [CHAT] [@: Summoned new Enderman]
[18:02:39] [Server thread/INFO] (Minecraft) [@: Summoned new Enderman]
[18:02:39] [main/INFO] (Minecraft) [CHAT] [@: Summoned new Enderman]
[18:02:39] [Server thread/INFO] (Minecraft) [@: Summoned new Enderman]
[18:02:39] [main/INFO] (Minecraft) [CHAT] [@: Summoned new Enderman]
[18:02:39] [Server thread/INFO] (Minecraft) [@: Summoned new Enderman]
[18:02:39] [main/INFO] (Minecraft) [CHAT] [@: Summoned new Enderman]
[18:02:39] [Server thread/INFO] (Minecraft) [@: Summoned new Enderman]
[18:02:39] [main/INFO] (Minecraft) [CHAT] [@: Summoned new Enderman]
[18:02:39] [Server thread/INFO] (Minecraft) [@: Summoned new Enderman]
[18:02:39] [main/INFO] (Minecraft) [CHAT] [@: Summoned new Enderman]
[18:02:39] [Server thread/INFO] (Minecraft) [@: Summoned new Enderman]
[18:02:39] [main/INFO] (Minecraft) [CHAT] [@: Summoned new Enderman]
[18:02:39] [Server thread/INFO] (Minecraft) [@: Summoned new Enderman]
[18:02:39] [main/INFO] (Minecraft) [CHAT] [@: Summoned new Enderman]
[18:02:40] [Server thread/INFO] (Minecraft) [@: Summoned new Enderman]
[18:02:40] [main/INFO] (Minecraft) [CHAT] [@: Summoned new Enderman]
[18:02:40] [Server thread/INFO] (Minecraft) [@: Summoned new Enderman]
[18:02:40] [main/INFO] (Minecraft) [CHAT] [@: Summoned new Enderman]
[18:02:40] [Server thread/INFO] (Minecraft) [@: Summoned new Enderman]
[18:02:40] [main/INFO] (Minecraft) [CHAT] [@: Summoned new Enderman]
[18:02:40] [Server thread/INFO] (Minecraft) [@: Summoned new Enderman]
[18:02:40] [main/INFO] (Minecraft) [CHAT] [@: Summoned new Enderman]
[18:02:40] [Server thread/INFO] (Minecraft) [@: Summoned new Enderman]
[18:02:40] [main/INFO] (Minecraft) [CHAT] [@: Summoned new Enderman]
[18:02:40] [Server thread/INFO] (Minecraft) [@: Summoned new Enderman]
[18:02:40] [main/INFO] (Minecraft) [CHAT] [@: Summoned new Enderman]
[18:02:40] [Server thread/INFO] (Minecraft) [@: Summoned new Enderman]
[18:02:40] [main/INFO] (Minecraft) [CHAT] [@: Summoned new Enderman]
[18:02:40] [Server thread/INFO] (Minecraft) [@: Summoned new Enderman]
[18:02:40] [main/INFO] (Minecraft) [CHAT] [@: Summoned new Enderman]
[18:02:40] [Server thread/INFO] (Minecraft) [@: Summoned new Enderman]
[18:02:40] [main/INFO] (Minecraft) [CHAT] [@: Summoned new Enderman]
[18:02:40] [Server thread/INFO] (Minecraft) [@: Summoned new Enderman]
[18:02:40] [main/INFO] (Minecraft) [CHAT] [@: Summoned new Enderman]
[18:02:40] [Server thread/INFO] (Minecraft) [@: Summoned new Enderman]
[18:02:40] [main/INFO] (Minecraft) [CHAT] [@: Summoned new Enderman]
[18:02:40] [Server thread/INFO] (Minecraft) [@: Summoned new Enderman]
[18:02:40] [main/INFO] (Minecraft) [CHAT] [@: Summoned new Enderman]
[18:02:40] [Server thread/INFO] (Minecraft) [@: Summoned new Enderman]
[18:02:40] [main/INFO] (Minecraft) [CHAT] [@: Summoned new Enderman]
[18:02:40] [Server thread/INFO] (Minecraft) [@: Summoned new Enderman]
[18:02:40] [main/INFO] (Minecraft) [CHAT] [@: Summoned new Enderman]
[18:02:40] [Server thread/INFO] (Minecraft) [@: Summoned new Enderman]
[18:02:40] [main/INFO] (Minecraft) [CHAT] [@: Summoned new Enderman]
[18:02:40] [Server thread/INFO] (Minecraft) [@: Summoned new Enderman]
[18:02:40] [main/INFO] (Minecraft) [CHAT] [@: Summoned new Enderman]
[18:02:40] [Server thread/INFO] (Minecraft) [@: Summoned new Enderman]
[18:02:40] [main/INFO] (Minecraft) [CHAT] [@: Summoned new Enderman]
[18:02:40] [Server thread/INFO] (Minecraft) [@: Summoned new Enderman]
[18:02:40] [main/INFO] (Minecraft) [CHAT] [@: Summoned new Enderman]
[18:02:40] [Server thread/INFO] (Minecraft) [@: Summoned new Enderman]
[18:02:40] [main/INFO] (Minecraft) [CHAT] [@: Summoned new Enderman]
[18:02:40] [Server thread/INFO] (Minecraft) [@: Summoned new Enderman]
[18:02:40] [main/INFO] (Minecraft) [CHAT] [@: Summoned new Enderman]
[18:02:41] [Server thread/INFO] (Minecraft) [@: Summoned new Enderman]
[18:02:41] [main/INFO] (Minecraft) [CHAT] [@: Summoned new Enderman]
[18:02:41] [Server thread/INFO] (Minecraft) [@: Summoned new Enderman]
[18:02:41] [main/INFO] (Minecraft) [CHAT] [@: Summoned new Enderman]
[18:02:41] [Server thread/INFO] (Minecraft) [@: Summoned new Enderman]
[18:02:41] [main/INFO] (Minecraft) [CHAT] [@: Summoned new Enderman]
[18:02:41] [Server thread/INFO] (Minecraft) [@: Summoned new Enderman]
[18:02:41] [main/INFO] (Minecraft) [CHAT] [@: Summoned new Enderman]
[18:02:41] [Server thread/INFO] (Minecraft) [@: Summoned new Enderman]
[18:02:41] [main/INFO] (Minecraft) [CHAT] [@: Summoned new Enderman]
[18:02:41] [Server thread/INFO] (Minecraft) [@: Summoned new Enderman]
[18:02:41] [main/INFO] (Minecraft) [CHAT] [@: Summoned new Enderman]
[18:02:41] [Server thread/INFO] (Minecraft) [@: Summoned new Enderman]
[18:02:41] [main/INFO] (Minecraft) [CHAT] [@: Summoned new Enderman]
[18:02:41] [Server thread/INFO] (Minecraft) [@: Summoned new Enderman]
[18:02:41] [main/INFO] (Minecraft) [CHAT] [@: Summoned new Enderman]
[18:02:41] [Server thread/INFO] (Minecraft) [@: Summoned new Enderman]
[18:02:41] [main/INFO] (Minecraft) [CHAT] [@: Summoned new Enderman]
[18:02:41] [Server thread/INFO] (Minecraft) [@: Summoned new Enderman]
[18:02:41] [main/INFO] (Minecraft) [CHAT] [@: Summoned new Enderman]
[18:03:16] [Server thread/INFO] (Minecraft) [Player944: Summoned new Creeper]
[18:03:16] [main/INFO] (Minecraft) [CHAT] Summoned new Creeper
[18:03:19] [Server thread/INFO] (Minecraft) [Player944: Gave 1 [Flint and Steel] to Player944]
[18:03:19] [main/INFO] (Minecraft) [CHAT] Gave 1 [Flint and Steel] to Player944
[18:03:30] [Server thread/INFO] (Minecraft) [Player944: Set own game mode to Survival Mode]
[18:03:30] [main/INFO] (Minecraft) [CHAT] Set own game mode to Survival Mode
[18:03:36] [main/INFO] (Minecraft) Loaded 46 advancements
[18:03:40] [Server thread/INFO] (Minecraft) [Player944: Set own game mode to Creative Mode]
[18:03:40] [main/INFO] (Minecraft) [CHAT] Set own game mode to Creative Mode
[18:03:49] [Server thread/INFO] (Minecraft) [Player944: Set the weather to rain]
[18:03:49] [main/INFO] (Minecraft) [CHAT] Set the weather to rain
[18:03:56] [Server thread/INFO] (Minecraft) Saving and pausing game...
[18:03:56] [Server thread/INFO] (Minecraft) Saving chunks for level 'ServerLevel[New World]'/minecraft:overworld
[18:03:56] [Server thread/INFO] (Minecraft) Saving chunks for level 'ServerLevel[New World]'/minecraft:the_nether
[18:03:56] [Server thread/INFO] (Minecraft) Saving chunks for level 'ServerLevel[New World]'/minecraft:the_end
[18:23:49] [Server thread/INFO] (Minecraft) Player944 lost connection: Disconnected
[18:23:49] [Server thread/INFO] (Minecraft) Player944 left the game
[18:23:49] [Server thread/INFO] (Minecraft) Stopping singleplayer server as player logged out
[18:23:49] [Server thread/INFO] (Minecraft) Stopping server
[18:23:49] [Server thread/INFO] (Minecraft) Saving players
[18:23:49] [Server thread/INFO] (Minecraft) Saving worlds
[18:23:49] [Server thread/INFO] (Minecraft) Saving chunks for level 'ServerLevel[New World]'/minecraft:overworld
[18:23:49] [Server thread/INFO] (Minecraft) ThreadedAnvilChunkStorage (New World): All chunks are saved
[18:23:49] [Server thread/INFO] (Minecraft) Saving chunks for level 'ServerLevel[New World]'/minecraft:the_nether
[18:23:49] [Server thread/INFO] (Minecraft) ThreadedAnvilChunkStorage (DIM-1): All chunks are saved
[18:23:49] [Server thread/INFO] (Minecraft) Saving chunks for level 'ServerLevel[New World]'/minecraft:the_end
[18:23:49] [Server thread/INFO] (Minecraft) ThreadedAnvilChunkStorage (DIM1): All chunks are saved
[18:23:49] [Server thread/INFO] (Minecraft) ThreadedAnvilChunkStorage (New World): All chunks are saved
[18:23:49] [Server thread/INFO] (Minecraft) ThreadedAnvilChunkStorage (DIM-1): All chunks are saved
[18:23:49] [Server thread/INFO] (Minecraft) ThreadedAnvilChunkStorage (DIM1): All chunks are saved
[18:23:50] [main/INFO] (Minecraft) Stopping!
